* Starting client
* Connecting to master process on port 4992
* Analyzing classpath: 
  - c:\Users\Nick\Google Drive\hw1\hw1a\target\test-classes
  - c:\Users\Nick\Google Drive\hw1\hw1a\target\classes
  - C:\Users\Nick\.m2\repository\junit\junit\4.12\junit-4.12.jar
  - C:\Users\Nick\.m2\repository\org\hamcrest\hamcrest-core\1.3\hamcrest-core-1.3.jar
* Finished analyzing classpath
* Generating tests for class edu.osu.cs362.sortMain
* Test criteria:
  - Line Coverage
  - Branch Coverage
  - Exception
  - Mutation testing (weak)
  - Method-Output Coverage
  - Top-Level Method Coverage
  - No-Exception Top-Level Method Coverage
  - Context Branch Coverage
* Setting up search algorithm for whole suite generation
* Total number of test goals: 
  - Line 3
  - Branch 2
  - Exception 0
  - MutationFactory 0
  - Output 0
  - Method 2
  - MethodNoException 2
  - CBranchFitnessFactory 2
* Using seed 1492386230489
* Starting evolution
* Search finished after 1s and 0 generations, 2663 statements, best individual has fitness: 0.5
* Writing sequences to pool
* Minimizing test suite
* Going to analyze the coverage criteria
* Coverage analysis for criterion LINE
* Coverage of criterion LINE: 100%
* Total number of goals: 3
* Number of covered goals: 3
* Coverage analysis for criterion BRANCH
* Coverage of criterion BRANCH: 100%
* Total number of goals: 2
* Number of covered goals: 2
* Coverage analysis for criterion EXCEPTION
* Coverage of criterion EXCEPTION: 100%
* Total number of goals: 1
* Number of covered goals: 1
* Coverage analysis for criterion WEAKMUTATION
* Coverage of criterion WEAKMUTATION: 100% (no goals)
* Coverage analysis for criterion OUTPUT
* Coverage of criterion OUTPUT: 100% (no goals)
* Coverage analysis for criterion METHOD
* Coverage of criterion METHOD: 100%
* Total number of goals: 2
* Number of covered goals: 2
* Coverage analysis for criterion METHODNOEXCEPTION
* Coverage of criterion METHODNOEXCEPTION: 100%
* Total number of goals: 2
* Number of covered goals: 2
* Coverage analysis for criterion CBRANCH
* Coverage of criterion CBRANCH: 100%
* Total number of goals: 2
* Number of covered goals: 2
* Generated 3 tests with total length 6
* Resulting test suite's coverage: 100% (average coverage for all fitness functions)
* Generating assertions
* Resulting test suite's mutation score: 100%
* Compiling and checking tests
* Writing JUnit test case 'sortMain_ESTest' to c:\Users\Nick\Google Drive\hw1\hw1a\.evosuite\tmp_2017_04_16_16_43_46\tests
* Done!

