* Starting client
* Connecting to master process on port 5643
* Analyzing classpath: 
  - c:\Users\Nick\Google Drive\hw1\hw1a\target\test-classes
  - c:\Users\Nick\Google Drive\hw1\hw1a\target\classes
  - C:\Users\Nick\.m2\repository\junit\junit\4.12\junit-4.12.jar
  - C:\Users\Nick\.m2\repository\org\hamcrest\hamcrest-core\1.3\hamcrest-core-1.3.jar
* Finished analyzing classpath
* Generating tests for class edu.osu.cs362.sortBody
* Test criteria:
  - Line Coverage
  - Branch Coverage
  - Exception
  - Mutation testing (weak)
  - Method-Output Coverage
  - Top-Level Method Coverage
  - No-Exception Top-Level Method Coverage
  - Context Branch Coverage
* Setting up search algorithm for whole suite generation
* Total number of test goals: 
  - Line 90
  - Branch 56
  - Exception 0
  - MutationFactory 746
  - Output 0
  - Method 11
  - MethodNoException 11
  - CBranchFitnessFactory 56
* Using seed 1492386230458
* Starting evolution
* Search finished after 71s and 17 generations, 8231 statements, best individual has fitness: 329.5588234832717
* Writing sequences to pool
* Minimizing test suite
[MASTER] 16:45:17.047 [pool-2-thread-1] WARN  TestSuiteMinimizer - Minimization timeout. Roll back to original test suite
* Going to analyze the coverage criteria
* Coverage analysis for criterion LINE
* Coverage of criterion LINE: 91%
* Total number of goals: 90
* Number of covered goals: 82
* Coverage analysis for criterion BRANCH
* Coverage of criterion BRANCH: 88%
* Total number of goals: 56
* Number of covered goals: 49
* Coverage analysis for criterion EXCEPTION
* Coverage of criterion EXCEPTION: 100%
* Total number of goals: 16
* Number of covered goals: 16
* Coverage analysis for criterion WEAKMUTATION
* Coverage of criterion WEAKMUTATION: 90%
* Total number of goals: 746
* Number of covered goals: 675
* Coverage analysis for criterion OUTPUT
* Coverage of criterion OUTPUT: 100% (no goals)
* Coverage analysis for criterion METHOD
* Coverage of criterion METHOD: 100%
* Total number of goals: 11
* Number of covered goals: 11
* Coverage analysis for criterion METHODNOEXCEPTION
* Coverage of criterion METHODNOEXCEPTION: 91%
* Total number of goals: 11
* Number of covered goals: 10
* Coverage analysis for criterion CBRANCH
* Coverage of criterion CBRANCH: 84%
* Total number of goals: 56
* Number of covered goals: 47
* Generated 25 tests with total length 325
* Resulting test suite's coverage: 90% (average coverage for all fitness functions)
* Generating assertions
* Resulting test suite's mutation score: 8%
* Compiling and checking tests
[MASTER] 16:45:28.622 [pool-2-thread-1] WARN  TimeController - Phase ASSERTION_GENERATION lasted too long, 2 seconds more than allowed.
* Permissions denied during test execution: 
  - java.net.SocketPermission: 
         listen,resolve localhost:0: 2
* Writing JUnit test case 'sortBody_ESTest' to c:\Users\Nick\Google Drive\hw1\hw1a\.evosuite\tmp_2017_04_16_16_43_46\tests
* Done!

