* Starting client
* Connecting to master process on port 10488
* Analyzing classpath: 
  - C:/Tempa/assignment-3/out/production/main
  - C:\Program Files\Java\jdk1.8.0_45\jre\lib\charsets.jar
  - C:\Program Files\Java\jdk1.8.0_45\jre\lib\deploy.jar
  - C:\Program Files\Java\jdk1.8.0_45\jre\lib\ext\access-bridge-64.jar
  - C:\Program Files\Java\jdk1.8.0_45\jre\lib\ext\cldrdata.jar
  - C:\Program Files\Java\jdk1.8.0_45\jre\lib\ext\dnsns.jar
  - C:\Program Files\Java\jdk1.8.0_45\jre\lib\ext\jaccess.jar
  - C:\Program Files\Java\jdk1.8.0_45\jre\lib\ext\jfxrt.jar
  - C:\Program Files\Java\jdk1.8.0_45\jre\lib\ext\localedata.jar
  - C:\Program Files\Java\jdk1.8.0_45\jre\lib\ext\nashorn.jar
  - C:\Program Files\Java\jdk1.8.0_45\jre\lib\ext\sunec.jar
  - C:\Program Files\Java\jdk1.8.0_45\jre\lib\ext\sunjce_provider.jar
  - C:\Program Files\Java\jdk1.8.0_45\jre\lib\ext\sunmscapi.jar
  - C:\Program Files\Java\jdk1.8.0_45\jre\lib\ext\sunpkcs11.jar
  - C:\Program Files\Java\jdk1.8.0_45\jre\lib\ext\zipfs.jar
  - C:\Program Files\Java\jdk1.8.0_45\jre\lib\javaws.jar
  - C:\Program Files\Java\jdk1.8.0_45\jre\lib\jce.jar
  - C:\Program Files\Java\jdk1.8.0_45\jre\lib\jfr.jar
  - C:\Program Files\Java\jdk1.8.0_45\jre\lib\jfxswt.jar
  - C:\Program Files\Java\jdk1.8.0_45\jre\lib\jsse.jar
  - C:\Program Files\Java\jdk1.8.0_45\jre\lib\management-agent.jar
  - C:\Program Files\Java\jdk1.8.0_45\jre\lib\plugin.jar
  - C:\Program Files\Java\jdk1.8.0_45\jre\lib\resources.jar
  - C:\Program Files\Java\jdk1.8.0_45\jre\lib\rt.jar
  - C:\Tempa\assignment-3\out\production\main
* Finished analyzing classpath
* Generating tests for class edu.osu.cs362.TimeTable
* Test criteria:
  - Line Coverage
  - Branch Coverage
  - Exception
  - Mutation testing (weak)
  - Method-Output Coverage
  - Top-Level Method Coverage
  - No-Exception Top-Level Method Coverage
  - Context Branch Coverage
* Setting up search algorithm for whole suite generation
[MASTER] 07:02:27.181 [pool-2-thread-1] WARN  TestSuiteSerialization - Cannot load tests because file does not exist: C:\Tempa\assignment-3\src\main\.evosuite\evosuite-seeds\edu.osu.cs362.TimeTable.seed
* Total number of test goals: 
  - Line 45
  - Branch 29
  - Exception 0
  - MutationFactory 82
  - Output 8
  - Method 3
  - MethodNoException 3
  - CBranchFitnessFactory 29
* Using seed 1494856942387
* Starting evolution
* Search finished after 105s and 909 generations, 347985 statements, best individual has fitness: 28.10909090909091
* Writing sequences to pool
* Minimizing test suite
* Going to analyze the coverage criteria
* Coverage analysis for criterion LINE
* Coverage of criterion LINE: 78%
* Total number of goals: 45
* Number of covered goals: 35
* Coverage analysis for criterion BRANCH
* Coverage of criterion BRANCH: 79%
* Total number of goals: 29
* Number of covered goals: 23
* Coverage analysis for criterion EXCEPTION
* Coverage of criterion EXCEPTION: 100%
* Total number of goals: 4
* Number of covered goals: 4
* Coverage analysis for criterion WEAKMUTATION
* Coverage of criterion WEAKMUTATION: 95%
* Total number of goals: 82
* Number of covered goals: 78
* Coverage analysis for criterion OUTPUT
* Coverage of criterion OUTPUT: 50%
* Total number of goals: 8
* Number of covered goals: 4
* Coverage analysis for criterion METHOD
* Coverage of criterion METHOD: 100%
* Total number of goals: 3
* Number of covered goals: 3
* Coverage analysis for criterion METHODNOEXCEPTION
* Coverage of criterion METHODNOEXCEPTION: 100%
* Total number of goals: 3
* Number of covered goals: 3
* Coverage analysis for criterion CBRANCH
* Coverage of criterion CBRANCH: 79%
* Total number of goals: 29
* Number of covered goals: 23
* Generated 12 tests with total length 63
* Resulting test suite's coverage: 85% (average coverage for all fitness functions)
* Generating assertions
* Resulting test suite's mutation score: 52%
* Compiling and checking tests
* Writing JUnit test case 'TimeTable_ESTest' to C:\Tempa\assignment-3\src\main\.evosuite\tmp_2017_05_15_07_02_19\tests
* Done!

