* Starting client
* Connecting to master process on port 14146
* Analyzing classpath: 
  - C:/Tempa/assignment-3/out/production/main
  - C:\Program Files\Java\jdk1.8.0_45\jre\lib\charsets.jar
  - C:\Program Files\Java\jdk1.8.0_45\jre\lib\deploy.jar
  - C:\Program Files\Java\jdk1.8.0_45\jre\lib\ext\access-bridge-64.jar
  - C:\Program Files\Java\jdk1.8.0_45\jre\lib\ext\cldrdata.jar
  - C:\Program Files\Java\jdk1.8.0_45\jre\lib\ext\dnsns.jar
  - C:\Program Files\Java\jdk1.8.0_45\jre\lib\ext\jaccess.jar
  - C:\Program Files\Java\jdk1.8.0_45\jre\lib\ext\jfxrt.jar
  - C:\Program Files\Java\jdk1.8.0_45\jre\lib\ext\localedata.jar
  - C:\Program Files\Java\jdk1.8.0_45\jre\lib\ext\nashorn.jar
  - C:\Program Files\Java\jdk1.8.0_45\jre\lib\ext\sunec.jar
  - C:\Program Files\Java\jdk1.8.0_45\jre\lib\ext\sunjce_provider.jar
  - C:\Program Files\Java\jdk1.8.0_45\jre\lib\ext\sunmscapi.jar
  - C:\Program Files\Java\jdk1.8.0_45\jre\lib\ext\sunpkcs11.jar
  - C:\Program Files\Java\jdk1.8.0_45\jre\lib\ext\zipfs.jar
  - C:\Program Files\Java\jdk1.8.0_45\jre\lib\javaws.jar
  - C:\Program Files\Java\jdk1.8.0_45\jre\lib\jce.jar
  - C:\Program Files\Java\jdk1.8.0_45\jre\lib\jfr.jar
  - C:\Program Files\Java\jdk1.8.0_45\jre\lib\jfxswt.jar
  - C:\Program Files\Java\jdk1.8.0_45\jre\lib\jsse.jar
  - C:\Program Files\Java\jdk1.8.0_45\jre\lib\management-agent.jar
  - C:\Program Files\Java\jdk1.8.0_45\jre\lib\plugin.jar
  - C:\Program Files\Java\jdk1.8.0_45\jre\lib\resources.jar
  - C:\Program Files\Java\jdk1.8.0_45\jre\lib\rt.jar
  - C:\Tempa\assignment-3\out\production\main
* Finished analyzing classpath
* Generating tests for class edu.osu.cs362.CalendarMain
* Test criteria:
  - Line Coverage
  - Branch Coverage
  - Exception
  - Mutation testing (weak)
  - Method-Output Coverage
  - Top-Level Method Coverage
  - No-Exception Top-Level Method Coverage
  - Context Branch Coverage
* Setting up search algorithm for whole suite generation
[MASTER] 07:06:42.578 [pool-2-thread-1] WARN  TestSuiteSerialization - Cannot load tests because file does not exist: C:\Tempa\assignment-3\src\main\.evosuite\evosuite-seeds\edu.osu.cs362.CalendarMain.seed
* Total number of test goals: 
  - Line 63
  - Branch 19
  - Exception 0
  - MutationFactory 130
  - Output 0
  - Method 2
  - MethodNoException 2
  - CBranchFitnessFactory 19
* Using seed 1494857199354
* Starting evolution
* Search finished after 82s and 2184 generations, 222442 statements, best individual has fitness: 19.0
* Writing sequences to pool
* Minimizing test suite
* Going to analyze the coverage criteria
* Coverage analysis for criterion LINE
* Coverage of criterion LINE: 98%
* Total number of goals: 63
* Number of covered goals: 62
* Coverage analysis for criterion BRANCH
* Coverage of criterion BRANCH: 63%
* Total number of goals: 19
* Number of covered goals: 12
* Coverage analysis for criterion EXCEPTION
* Coverage of criterion EXCEPTION: 100%
* Total number of goals: 1
* Number of covered goals: 1
* Coverage analysis for criterion WEAKMUTATION
* Coverage of criterion WEAKMUTATION: 97%
* Total number of goals: 130
* Number of covered goals: 126
* Coverage analysis for criterion OUTPUT
* Coverage of criterion OUTPUT: 100% (no goals)
* Coverage analysis for criterion METHOD
* Coverage of criterion METHOD: 100%
* Total number of goals: 2
* Number of covered goals: 2
* Coverage analysis for criterion METHODNOEXCEPTION
* Coverage of criterion METHODNOEXCEPTION: 50%
* Total number of goals: 2
* Number of covered goals: 1
* Coverage analysis for criterion CBRANCH
* Coverage of criterion CBRANCH: 63%
* Total number of goals: 19
* Number of covered goals: 12
* Generated 3 tests with total length 5
* Resulting test suite's coverage: 78% (average coverage for all fitness functions)
* Generating assertions
* Resulting test suite's mutation score: 0%
* Compiling and checking tests
* Writing JUnit test case 'CalendarMain_ESTest' to C:\Tempa\assignment-3\src\main\.evosuite\tmp_2017_05_15_07_02_19\tests
* Done!

